[0]
[0;38;5;208m[38;5;38mApp\Modules\Home\HomeView[0;38;5;208m {[38;5;247m#91[0;38;5;208m[m
 [0;38;5;208m+[mname[0;38;5;208m: "[1;38;5;113mBrent[0;38;5;208m"[m
 [0;38;5;208m+[mpath[0;38;5;208m: "[1;38;5;113mModules/Home/home.php[0;38;5;208m"[m
 [0;38;5;208m+[mparams[0;38;5;208m: [][m
 [0;38;5;208m-[mrawParams[0;38;5;208m: [][m
 [0;38;5;208m+[mextendsPath[0;38;5;208m: "[1;38;5;113mViews/base.php[0;38;5;208m"[m
 [0;38;5;208m+[mextendsParams[0;38;5;208m: [38;5;38marray:1[0;38;5;208m [[m
  [0;38;5;208m"[38;5;113mtitle[0;38;5;208m" => "[1;38;5;113mHome[0;38;5;208m"[m
 [0;38;5;208m][m
 [0;38;5;208m-[mappConfig[0;38;5;208m: [1;38;5;208m? Tempest\AppConfig[0;38;5;208m[m
 [0;38;5;208m-[merrors[0;38;5;208m: [1;38;5;208mnull[0;38;5;208m[m
 [0;38;5;208m-[moriginalValues[0;38;5;208m: [1;38;5;208mnull[0;38;5;208m[m
[0;38;5;208m}[m

[0]
[0;38;5;208m[38;5;38mApp\Modules\Home\HomeView[0;38;5;208m {[38;5;247m#91[0;38;5;208m[m
 [0;38;5;208m+[mname[0;38;5;208m: "[1;38;5;113mBrent[0;38;5;208m"[m
 [0;38;5;208m+[mpath[0;38;5;208m: "[1;38;5;113mModules/Home/home.php[0;38;5;208m"[m
 [0;38;5;208m+[mparams[0;38;5;208m: [][m
 [0;38;5;208m-[mrawParams[0;38;5;208m: [][m
 [0;38;5;208m+[mextendsPath[0;38;5;208m: "[1;38;5;113mViews/base.php[0;38;5;208m"[m
 [0;38;5;208m+[mextendsParams[0;38;5;208m: [38;5;38marray:1[0;38;5;208m [[m
  [0;38;5;208m"[38;5;113mtitle[0;38;5;208m" => "[1;38;5;113mHome[0;38;5;208m"[m
 [0;38;5;208m][m
 [0;38;5;208m-[mappConfig[0;38;5;208m: [1;38;5;208m? Tempest\AppConfig[0;38;5;208m[m
 [0;38;5;208m-[merrors[0;38;5;208m: [1;38;5;208mnull[0;38;5;208m[m
 [0;38;5;208m-[moriginalValues[0;38;5;208m: [1;38;5;208mnull[0;38;5;208m[m
[0;38;5;208m}[m

[0]
[0;38;5;208m[38;5;38mApp\Modules\Home\HomeView[0;38;5;208m {[38;5;247m#91[0;38;5;208m[m
 [0;38;5;208m+[mname[0;38;5;208m: "[1;38;5;113mBrent[0;38;5;208m"[m
 [0;38;5;208m+[mpath[0;38;5;208m: "[1;38;5;113mModules/Home/home.php[0;38;5;208m"[m
 [0;38;5;208m+[mparams[0;38;5;208m: [][m
 [0;38;5;208m-[mrawParams[0;38;5;208m: [][m
 [0;38;5;208m+[mextendsPath[0;38;5;208m: "[1;38;5;113mViews/base.php[0;38;5;208m"[m
 [0;38;5;208m+[mextendsParams[0;38;5;208m: [38;5;38marray:1[0;38;5;208m [[m
  [0;38;5;208m"[38;5;113mtitle[0;38;5;208m" => "[1;38;5;113mHome[0;38;5;208m"[m
 [0;38;5;208m][m
 [0;38;5;208m-[mappConfig[0;38;5;208m: [1;38;5;208m? Tempest\AppConfig[0;38;5;208m[m
 [0;38;5;208m-[merrors[0;38;5;208m: [1;38;5;208mnull[0;38;5;208m[m
 [0;38;5;208m-[moriginalValues[0;38;5;208m: [1;38;5;208mnull[0;38;5;208m[m
[0;38;5;208m}[m

[0]
[0;38;5;208m[38;5;38mApp\Modules\Home\HomeView[0;38;5;208m {[38;5;247m#91[0;38;5;208m[m
 [0;38;5;208m+[mname[0;38;5;208m: "[1;38;5;113mBrent[0;38;5;208m"[m
 [0;38;5;208m+[mpath[0;38;5;208m: "[1;38;5;113mModules/Home/home.php[0;38;5;208m"[m
 [0;38;5;208m+[mparams[0;38;5;208m: [][m
 [0;38;5;208m-[mrawParams[0;38;5;208m: [][m
 [0;38;5;208m+[mextendsPath[0;38;5;208m: "[1;38;5;113mViews/base.php[0;38;5;208m"[m
 [0;38;5;208m+[mextendsParams[0;38;5;208m: [38;5;38marray:1[0;38;5;208m [[m
  [0;38;5;208m"[38;5;113mtitle[0;38;5;208m" => "[1;38;5;113mHome[0;38;5;208m"[m
 [0;38;5;208m][m
 [0;38;5;208m-[mappConfig[0;38;5;208m: [1;38;5;208m? Tempest\AppConfig[0;38;5;208m[m
 [0;38;5;208m-[merrors[0;38;5;208m: [1;38;5;208mnull[0;38;5;208m[m
 [0;38;5;208m-[moriginalValues[0;38;5;208m: [1;38;5;208mnull[0;38;5;208m[m
[0;38;5;208m}[m

[0]
[0;38;5;208m[38;5;38mApp\Modules\Home\HomeView[0;38;5;208m {[38;5;247m#91[0;38;5;208m[m
 [0;38;5;208m+[mname[0;38;5;208m: "[1;38;5;113mBrent[0;38;5;208m"[m
 [0;38;5;208m+[mpath[0;38;5;208m: "[1;38;5;113mModules/Home/home.php[0;38;5;208m"[m
 [0;38;5;208m+[mparams[0;38;5;208m: [][m
 [0;38;5;208m-[mrawParams[0;38;5;208m: [][m
 [0;38;5;208m+[mextendsPath[0;38;5;208m: "[1;38;5;113mViews/base.php[0;38;5;208m"[m
 [0;38;5;208m+[mextendsParams[0;38;5;208m: [38;5;38marray:1[0;38;5;208m [[m
  [0;38;5;208m"[38;5;113mtitle[0;38;5;208m" => "[1;38;5;113mHome[0;38;5;208m"[m
 [0;38;5;208m][m
 [0;38;5;208m-[mappConfig[0;38;5;208m: [1;38;5;208m? Tempest\AppConfig[0;38;5;208m[m
 [0;38;5;208m-[merrors[0;38;5;208m: [1;38;5;208mnull[0;38;5;208m[m
 [0;38;5;208m-[moriginalValues[0;38;5;208m: [1;38;5;208mnull[0;38;5;208m[m
[0;38;5;208m}[m

[0]
[0;38;5;208m[38;5;38mApp\Modules\Home\HomeView[0;38;5;208m {[38;5;247m#91[0;38;5;208m[m
 [0;38;5;208m+[mname[0;38;5;208m: "[1;38;5;113mBrent[0;38;5;208m"[m
 [0;38;5;208m+[mpath[0;38;5;208m: "[1;38;5;113mModules/Home/home.php[0;38;5;208m"[m
 [0;38;5;208m+[mparams[0;38;5;208m: [][m
 [0;38;5;208m-[mrawParams[0;38;5;208m: [][m
 [0;38;5;208m+[mextendsPath[0;38;5;208m: "[1;38;5;113mViews/base.php[0;38;5;208m"[m
 [0;38;5;208m+[mextendsParams[0;38;5;208m: [38;5;38marray:1[0;38;5;208m [[m
  [0;38;5;208m"[38;5;113mtitle[0;38;5;208m" => "[1;38;5;113mHome[0;38;5;208m"[m
 [0;38;5;208m][m
 [0;38;5;208m-[mappConfig[0;38;5;208m: [1;38;5;208m? Tempest\AppConfig[0;38;5;208m[m
 [0;38;5;208m-[merrors[0;38;5;208m: [1;38;5;208mnull[0;38;5;208m[m
 [0;38;5;208m-[moriginalValues[0;38;5;208m: [1;38;5;208mnull[0;38;5;208m[m
[0;38;5;208m}[m

[0]
[0;38;5;208m[38;5;38mApp\Modules\Home\HomeView[0;38;5;208m {[38;5;247m#91[0;38;5;208m[m
 [0;38;5;208m+[mname[0;38;5;208m: "[1;38;5;113mBrent[0;38;5;208m"[m
 [0;38;5;208m+[mpath[0;38;5;208m: "[1;38;5;113mModules/Home/home.php[0;38;5;208m"[m
 [0;38;5;208m+[mparams[0;38;5;208m: [][m
 [0;38;5;208m-[mrawParams[0;38;5;208m: [][m
 [0;38;5;208m+[mextendsPath[0;38;5;208m: "[1;38;5;113mViews/base.php[0;38;5;208m"[m
 [0;38;5;208m+[mextendsParams[0;38;5;208m: [38;5;38marray:1[0;38;5;208m [[m
  [0;38;5;208m"[38;5;113mtitle[0;38;5;208m" => "[1;38;5;113mHome[0;38;5;208m"[m
 [0;38;5;208m][m
 [0;38;5;208m-[mappConfig[0;38;5;208m: [1;38;5;208m? Tempest\AppConfig[0;38;5;208m[m
 [0;38;5;208m-[merrors[0;38;5;208m: [1;38;5;208mnull[0;38;5;208m[m
 [0;38;5;208m-[moriginalValues[0;38;5;208m: [1;38;5;208mnull[0;38;5;208m[m
[0;38;5;208m}[m

[0]
[0;38;5;208m[38;5;38mApp\Modules\Home\HomeView[0;38;5;208m {[38;5;247m#91[0;38;5;208m[m
 [0;38;5;208m+[mname[0;38;5;208m: "[1;38;5;113mBrent[0;38;5;208m"[m
 [0;38;5;208m+[mpath[0;38;5;208m: "[1;38;5;113mModules/Home/home.php[0;38;5;208m"[m
 [0;38;5;208m+[mparams[0;38;5;208m: [][m
 [0;38;5;208m-[mrawParams[0;38;5;208m: [][m
 [0;38;5;208m+[mextendsPath[0;38;5;208m: "[1;38;5;113mViews/base.php[0;38;5;208m"[m
 [0;38;5;208m+[mextendsParams[0;38;5;208m: [38;5;38marray:1[0;38;5;208m [[m
  [0;38;5;208m"[38;5;113mtitle[0;38;5;208m" => "[1;38;5;113mHome[0;38;5;208m"[m
 [0;38;5;208m][m
 [0;38;5;208m-[mappConfig[0;38;5;208m: [1;38;5;208m? Tempest\AppConfig[0;38;5;208m[m
 [0;38;5;208m-[merrors[0;38;5;208m: [1;38;5;208mnull[0;38;5;208m[m
 [0;38;5;208m-[moriginalValues[0;38;5;208m: [1;38;5;208mnull[0;38;5;208m[m
[0;38;5;208m}[m

[0]
[0;38;5;208m[38;5;38mApp\Modules\Home\HomeView[0;38;5;208m {[38;5;247m#91[0;38;5;208m[m
 [0;38;5;208m+[mname[0;38;5;208m: "[1;38;5;113mBrent[0;38;5;208m"[m
 [0;38;5;208m+[mpath[0;38;5;208m: "[1;38;5;113mModules/Home/home.php[0;38;5;208m"[m
 [0;38;5;208m+[mparams[0;38;5;208m: [][m
 [0;38;5;208m-[mrawParams[0;38;5;208m: [][m
 [0;38;5;208m+[mextendsPath[0;38;5;208m: "[1;38;5;113mViews/base.php[0;38;5;208m"[m
 [0;38;5;208m+[mextendsParams[0;38;5;208m: [38;5;38marray:1[0;38;5;208m [[m
  [0;38;5;208m"[38;5;113mtitle[0;38;5;208m" => "[1;38;5;113mHome[0;38;5;208m"[m
 [0;38;5;208m][m
 [0;38;5;208m-[mappConfig[0;38;5;208m: [1;38;5;208m? Tempest\AppConfig[0;38;5;208m[m
 [0;38;5;208m-[merrors[0;38;5;208m: [1;38;5;208mnull[0;38;5;208m[m
 [0;38;5;208m-[moriginalValues[0;38;5;208m: [1;38;5;208mnull[0;38;5;208m[m
[0;38;5;208m}[m

[0]
[0;38;5;208m[38;5;38mApp\Modules\Home\HomeView[0;38;5;208m {[38;5;247m#91[0;38;5;208m[m
 [0;38;5;208m+[mname[0;38;5;208m: "[1;38;5;113mBrent[0;38;5;208m"[m
 [0;38;5;208m+[mpath[0;38;5;208m: "[1;38;5;113mModules/Home/home.php[0;38;5;208m"[m
 [0;38;5;208m+[mparams[0;38;5;208m: [][m
 [0;38;5;208m-[mrawParams[0;38;5;208m: [][m
 [0;38;5;208m+[mextendsPath[0;38;5;208m: "[1;38;5;113mViews/base.php[0;38;5;208m"[m
 [0;38;5;208m+[mextendsParams[0;38;5;208m: [38;5;38marray:1[0;38;5;208m [[m
  [0;38;5;208m"[38;5;113mtitle[0;38;5;208m" => "[1;38;5;113mHome[0;38;5;208m"[m
 [0;38;5;208m][m
 [0;38;5;208m-[mappConfig[0;38;5;208m: [1;38;5;208m? Tempest\AppConfig[0;38;5;208m[m
 [0;38;5;208m-[merrors[0;38;5;208m: [1;38;5;208mnull[0;38;5;208m[m
 [0;38;5;208m-[moriginalValues[0;38;5;208m: [1;38;5;208mnull[0;38;5;208m[m
[0;38;5;208m}[m

[0]
[0;38;5;208m[38;5;38mApp\Modules\Home\HomeView[0;38;5;208m {[38;5;247m#91[0;38;5;208m[m
 [0;38;5;208m+[mname[0;38;5;208m: "[1;38;5;113mBrent[0;38;5;208m"[m
 [0;38;5;208m+[mpath[0;38;5;208m: "[1;38;5;113mModules/Home/home.php[0;38;5;208m"[m
 [0;38;5;208m+[mparams[0;38;5;208m: [][m
 [0;38;5;208m-[mrawParams[0;38;5;208m: [][m
 [0;38;5;208m+[mextendsPath[0;38;5;208m: "[1;38;5;113mViews/base.php[0;38;5;208m"[m
 [0;38;5;208m+[mextendsParams[0;38;5;208m: [38;5;38marray:1[0;38;5;208m [[m
  [0;38;5;208m"[38;5;113mtitle[0;38;5;208m" => "[1;38;5;113mHome[0;38;5;208m"[m
 [0;38;5;208m][m
 [0;38;5;208m-[mappConfig[0;38;5;208m: [1;38;5;208m? Tempest\AppConfig[0;38;5;208m[m
 [0;38;5;208m-[merrors[0;38;5;208m: [1;38;5;208mnull[0;38;5;208m[m
 [0;38;5;208m-[moriginalValues[0;38;5;208m: [1;38;5;208mnull[0;38;5;208m[m
[0;38;5;208m}[m

Called in /Users/brent/Dev/tempest-framework/app/Modules/Home/HomeController.php:21
[0]
[0;38;5;208m[38;5;38mApp\Modules\Home\HomeView[0;38;5;208m {[38;5;247m#91[0;38;5;208m[m
 [0;38;5;208m+[mname[0;38;5;208m: "[1;38;5;113mBrent[0;38;5;208m"[m
 [0;38;5;208m+[mpath[0;38;5;208m: "[1;38;5;113mModules/Home/home.php[0;38;5;208m"[m
 [0;38;5;208m+[mparams[0;38;5;208m: [][m
 [0;38;5;208m-[mrawParams[0;38;5;208m: [][m
 [0;38;5;208m+[mextendsPath[0;38;5;208m: "[1;38;5;113mViews/base.php[0;38;5;208m"[m
 [0;38;5;208m+[mextendsParams[0;38;5;208m: [38;5;38marray:1[0;38;5;208m [[m
  [0;38;5;208m"[38;5;113mtitle[0;38;5;208m" => "[1;38;5;113mHome[0;38;5;208m"[m
 [0;38;5;208m][m
 [0;38;5;208m-[mappConfig[0;38;5;208m: [1;38;5;208m? Tempest\AppConfig[0;38;5;208m[m
 [0;38;5;208m-[merrors[0;38;5;208m: [1;38;5;208mnull[0;38;5;208m[m
 [0;38;5;208m-[moriginalValues[0;38;5;208m: [1;38;5;208mnull[0;38;5;208m[m
[0;38;5;208m}[m

Called in /Users/brent/Dev/tempest-framework/app/Modules/Home/HomeController.php:21
[0]
[0;38;5;208m[38;5;38mApp\Modules\Home\HomeView[0;38;5;208m {[38;5;247m#91[0;38;5;208m[m
 [0;38;5;208m+[mname[0;38;5;208m: "[1;38;5;113mBrent[0;38;5;208m"[m
 [0;38;5;208m+[mpath[0;38;5;208m: "[1;38;5;113mModules/Home/home.php[0;38;5;208m"[m
 [0;38;5;208m+[mparams[0;38;5;208m: [][m
 [0;38;5;208m-[mrawParams[0;38;5;208m: [][m
 [0;38;5;208m+[mextendsPath[0;38;5;208m: "[1;38;5;113mViews/base.php[0;38;5;208m"[m
 [0;38;5;208m+[mextendsParams[0;38;5;208m: [38;5;38marray:1[0;38;5;208m [[m
  [0;38;5;208m"[38;5;113mtitle[0;38;5;208m" => "[1;38;5;113mHome[0;38;5;208m"[m
 [0;38;5;208m][m
 [0;38;5;208m-[mappConfig[0;38;5;208m: [1;38;5;208m? Tempest\AppConfig[0;38;5;208m[m
 [0;38;5;208m-[merrors[0;38;5;208m: [1;38;5;208mnull[0;38;5;208m[m
 [0;38;5;208m-[moriginalValues[0;38;5;208m: [1;38;5;208mnull[0;38;5;208m[m
[0;38;5;208m}[m

Called in /Users/brent/Dev/tempest-framework/app/Modules/Home/HomeController.php:21
[0]
[0;38;5;208m[38;5;38mApp\Modules\Home\HomeView[0;38;5;208m {[38;5;247m#91[0;38;5;208m[m
 [0;38;5;208m+[mname[0;38;5;208m: "[1;38;5;113mBrent[0;38;5;208m"[m
 [0;38;5;208m+[mpath[0;38;5;208m: "[1;38;5;113mModules/Home/home.php[0;38;5;208m"[m
 [0;38;5;208m+[mparams[0;38;5;208m: [][m
 [0;38;5;208m-[mrawParams[0;38;5;208m: [][m
 [0;38;5;208m+[mextendsPath[0;38;5;208m: "[1;38;5;113mViews/base.php[0;38;5;208m"[m
 [0;38;5;208m+[mextendsParams[0;38;5;208m: [38;5;38marray:1[0;38;5;208m [[m
  [0;38;5;208m"[38;5;113mtitle[0;38;5;208m" => "[1;38;5;113mHome[0;38;5;208m"[m
 [0;38;5;208m][m
 [0;38;5;208m-[mappConfig[0;38;5;208m: [1;38;5;208m? Tempest\AppConfig[0;38;5;208m[m
 [0;38;5;208m-[merrors[0;38;5;208m: [1;38;5;208mnull[0;38;5;208m[m
 [0;38;5;208m-[moriginalValues[0;38;5;208m: [1;38;5;208mnull[0;38;5;208m[m
[0;38;5;208m}[m

Called in /Users/brent/Dev/tempest-framework/app/Modules/Home/HomeController.php:21
[0]
[0;38;5;208m[38;5;38mApp\Modules\Home\HomeView[0;38;5;208m {[38;5;247m#91[0;38;5;208m[m
 [0;38;5;208m+[mname[0;38;5;208m: "[1;38;5;113mBrent[0;38;5;208m"[m
 [0;38;5;208m+[mpath[0;38;5;208m: "[1;38;5;113mModules/Home/home.php[0;38;5;208m"[m
 [0;38;5;208m+[mparams[0;38;5;208m: [][m
 [0;38;5;208m-[mrawParams[0;38;5;208m: [][m
 [0;38;5;208m+[mextendsPath[0;38;5;208m: "[1;38;5;113mViews/base.php[0;38;5;208m"[m
 [0;38;5;208m+[mextendsParams[0;38;5;208m: [38;5;38marray:1[0;38;5;208m [[m
  [0;38;5;208m"[38;5;113mtitle[0;38;5;208m" => "[1;38;5;113mHome[0;38;5;208m"[m
 [0;38;5;208m][m
 [0;38;5;208m-[mappConfig[0;38;5;208m: [1;38;5;208m? Tempest\AppConfig[0;38;5;208m[m
 [0;38;5;208m-[merrors[0;38;5;208m: [1;38;5;208mnull[0;38;5;208m[m
 [0;38;5;208m-[moriginalValues[0;38;5;208m: [1;38;5;208mnull[0;38;5;208m[m
[0;38;5;208m}[m

Called in /Users/brent/Dev/tempest-framework/app/Modules/Home/HomeController.php:21
[0]
[0;38;5;208m[38;5;38mApp\Modules\Home\HomeView[0;38;5;208m {[38;5;247m#91[0;38;5;208m[m
 [0;38;5;208m+[mname[0;38;5;208m: "[1;38;5;113mBrent[0;38;5;208m"[m
 [0;38;5;208m+[mpath[0;38;5;208m: "[1;38;5;113mModules/Home/home.php[0;38;5;208m"[m
 [0;38;5;208m+[mparams[0;38;5;208m: [][m
 [0;38;5;208m-[mrawParams[0;38;5;208m: [][m
 [0;38;5;208m+[mextendsPath[0;38;5;208m: "[1;38;5;113mViews/base.php[0;38;5;208m"[m
 [0;38;5;208m+[mextendsParams[0;38;5;208m: [38;5;38marray:1[0;38;5;208m [[m
  [0;38;5;208m"[38;5;113mtitle[0;38;5;208m" => "[1;38;5;113mHome[0;38;5;208m"[m
 [0;38;5;208m][m
 [0;38;5;208m-[mappConfig[0;38;5;208m: [1;38;5;208m? Tempest\AppConfig[0;38;5;208m[m
 [0;38;5;208m-[merrors[0;38;5;208m: [1;38;5;208mnull[0;38;5;208m[m
 [0;38;5;208m-[moriginalValues[0;38;5;208m: [1;38;5;208mnull[0;38;5;208m[m
[0;38;5;208m}[m

Called in /Users/brent/Dev/tempest-framework/app/Modules/Home/HomeController.php:21
[0]
[0;38;5;208m[38;5;38mApp\Modules\Home\HomeView[0;38;5;208m {[38;5;247m#91[0;38;5;208m[m
 [0;38;5;208m+[mname[0;38;5;208m: "[1;38;5;113mBrent[0;38;5;208m"[m
 [0;38;5;208m+[mpath[0;38;5;208m: "[1;38;5;113mModules/Home/home.php[0;38;5;208m"[m
 [0;38;5;208m+[mparams[0;38;5;208m: [][m
 [0;38;5;208m-[mrawParams[0;38;5;208m: [][m
 [0;38;5;208m+[mextendsPath[0;38;5;208m: "[1;38;5;113mViews/base.php[0;38;5;208m"[m
 [0;38;5;208m+[mextendsParams[0;38;5;208m: [38;5;38marray:1[0;38;5;208m [[m
  [0;38;5;208m"[38;5;113mtitle[0;38;5;208m" => "[1;38;5;113mHome[0;38;5;208m"[m
 [0;38;5;208m][m
 [0;38;5;208m-[mappConfig[0;38;5;208m: [1;38;5;208m? Tempest\AppConfig[0;38;5;208m[m
 [0;38;5;208m-[merrors[0;38;5;208m: [1;38;5;208mnull[0;38;5;208m[m
 [0;38;5;208m-[moriginalValues[0;38;5;208m: [1;38;5;208mnull[0;38;5;208m[m
[0;38;5;208m}[m

Called in /Users/brent/Dev/tempest-framework/app/Modules/Home/HomeController.php:21
[0]
[0;38;5;208m[38;5;38mApp\Modules\Home\HomeView[0;38;5;208m {[38;5;247m#91[0;38;5;208m[m
 [0;38;5;208m+[mname[0;38;5;208m: "[1;38;5;113mBrent[0;38;5;208m"[m
 [0;38;5;208m+[mpath[0;38;5;208m: "[1;38;5;113mModules/Home/home.php[0;38;5;208m"[m
 [0;38;5;208m+[mparams[0;38;5;208m: [][m
 [0;38;5;208m-[mrawParams[0;38;5;208m: [][m
 [0;38;5;208m+[mextendsPath[0;38;5;208m: "[1;38;5;113mViews/base.php[0;38;5;208m"[m
 [0;38;5;208m+[mextendsParams[0;38;5;208m: [38;5;38marray:1[0;38;5;208m [[m
  [0;38;5;208m"[38;5;113mtitle[0;38;5;208m" => "[1;38;5;113mHome[0;38;5;208m"[m
 [0;38;5;208m][m
 [0;38;5;208m-[mappConfig[0;38;5;208m: [1;38;5;208m? Tempest\AppConfig[0;38;5;208m[m
 [0;38;5;208m-[merrors[0;38;5;208m: [1;38;5;208mnull[0;38;5;208m[m
 [0;38;5;208m-[moriginalValues[0;38;5;208m: [1;38;5;208mnull[0;38;5;208m[m
[0;38;5;208m}[m

Called in /Users/brent/Dev/tempest-framework/app/Modules/Home/HomeController.php:21
[0]
[0;38;5;208m[38;5;38mApp\Modules\Home\HomeView[0;38;5;208m {[38;5;247m#91[0;38;5;208m[m
 [0;38;5;208m+[mname[0;38;5;208m: "[1;38;5;113mBrent[0;38;5;208m"[m
 [0;38;5;208m+[mpath[0;38;5;208m: "[1;38;5;113mModules/Home/home.php[0;38;5;208m"[m
 [0;38;5;208m+[mparams[0;38;5;208m: [][m
 [0;38;5;208m-[mrawParams[0;38;5;208m: [][m
 [0;38;5;208m+[mextendsPath[0;38;5;208m: "[1;38;5;113mViews/base.php[0;38;5;208m"[m
 [0;38;5;208m+[mextendsParams[0;38;5;208m: [38;5;38marray:1[0;38;5;208m [[m
  [0;38;5;208m"[38;5;113mtitle[0;38;5;208m" => "[1;38;5;113mHome[0;38;5;208m"[m
 [0;38;5;208m][m
 [0;38;5;208m-[mappConfig[0;38;5;208m: [1;38;5;208m? Tempest\AppConfig[0;38;5;208m[m
 [0;38;5;208m-[merrors[0;38;5;208m: [1;38;5;208mnull[0;38;5;208m[m
 [0;38;5;208m-[moriginalValues[0;38;5;208m: [1;38;5;208mnull[0;38;5;208m[m
[0;38;5;208m}[m

Called in /Users/brent/Dev/tempest-framework/app/Modules/Home/HomeController.php:21
